
==== 2025-05-04T19:39:11+00:00 ====
Array
(
    [_SESSION] => Array
        (
        )

    [_POST] => Array
        (
        )

    [php://input] => 
)

==== 2025-05-04T19:39:11+00:00 ====
Array
(
    [_SESSION] => Array
        (
        )

    [_POST] => Array
        (
        )

    [php://input] => 
)

==== 2025-05-04T19:39:11+00:00 ====
Array
(
    [_SESSION] => Array
        (
        )

    [_POST] => Array
        (
        )

    [php://input] => 
)

==== 2025-05-04T19:39:11+00:00 ====
Array
(
    [_SESSION] => Array
        (
            [cart] => Array
                (
                )

        )

    [_POST] => Array
        (
        )

    [php://input] => 
)

==== 2025-05-04T19:39:15+00:00 ====
Array
(
    [_SESSION] => Array
        (
            [customer_id] => 1
            [captcha] => Aeik2
            [cart] => Array
                (
                )

        )

    [_POST] => Array
        (
        )

    [php://input] => 
)

==== 2025-05-04T19:39:15+00:00 ====
Array
(
    [_SESSION] => Array
        (
            [customer_id] => 1
            [captcha] => Aeik2
            [cart] => Array
                (
                )

        )

    [_POST] => Array
        (
        )

    [php://input] => 
)

==== 2025-05-04T19:39:16+00:00 ====
Array
(
    [_SESSION] => Array
        (
            [cart] => Array
                (
                )

        )

    [_POST] => Array
        (
        )

    [php://input] => 
)

==== 2025-05-04T19:39:21+00:00 ====
Array
(
    [_SESSION] => Array
        (
            [cart] => Array
                (
                )

        )

    [_POST] => Array
        (
        )

    [php://input] => 
)

==== 2025-05-04T19:39:26+00:00 ====
Array
(
    [_SESSION] => Array
        (
            [cart] => Array
                (
                )

        )

    [_POST] => Array
        (
        )

    [php://input] => 
)

==== 2025-05-04T19:39:31+00:00 ====
Array
(
    [_SESSION] => Array
        (
            [cart] => Array
                (
                )

        )

    [_POST] => Array
        (
        )

    [php://input] => 
)

==== 2025-05-04T19:39:36+00:00 ====
Array
(
    [_SESSION] => Array
        (
            [cart] => Array
                (
                )

        )

    [_POST] => Array
        (
        )

    [php://input] => 
)

==== 2025-05-04T19:39:41+00:00 ====
Array
(
    [_SESSION] => Array
        (
            [cart] => Array
                (
                )

        )

    [_POST] => Array
        (
        )

    [php://input] => 
)

==== 2025-05-04T19:39:46+00:00 ====
Array
(
    [_SESSION] => Array
        (
            [cart] => Array
                (
                )

        )

    [_POST] => Array
        (
        )

    [php://input] => 
)

==== 2025-05-04T19:39:51+00:00 ====
Array
(
    [_SESSION] => Array
        (
            [cart] => Array
                (
                )

        )

    [_POST] => Array
        (
        )

    [php://input] => 
)

==== 2025-05-04T19:39:56+00:00 ====
Array
(
    [_SESSION] => Array
        (
            [cart] => Array
                (
                )

        )

    [_POST] => Array
        (
        )

    [php://input] => 
)

==== 2025-05-04T19:40:01+00:00 ====
Array
(
    [_SESSION] => Array
        (
            [cart] => Array
                (
                )

        )

    [_POST] => Array
        (
        )

    [php://input] => 
)

==== 2025-05-04T19:40:07+00:00 ====
Array
(
    [_SESSION] => Array
        (
            [cart] => Array
                (
                )

        )

    [_POST] => Array
        (
        )

    [php://input] => 
)

==== 2025-05-04T19:40:12+00:00 ====
Array
(
    [_SESSION] => Array
        (
            [cart] => Array
                (
                )

        )

    [_POST] => Array
        (
        )

    [php://input] => 
)

==== 2025-05-04T19:40:15+00:00 ====
Array
(
    [_SESSION] => Array
        (
            [customer_id] => 1
            [captcha] => Aeik2
            [cart] => Array
                (
                )

        )

    [_POST] => Array
        (
        )

    [php://input] => 
)

==== 2025-05-04T19:40:15+00:00 ====
Array
(
    [_SESSION] => Array
        (
            [customer_id] => 1
            [captcha] => Aeik2
            [cart] => Array
                (
                )

        )

    [_POST] => Array
        (
        )

    [php://input] => 
)

==== 2025-05-04T19:40:17+00:00 ====
Array
(
    [_SESSION] => Array
        (
            [cart] => Array
                (
                )

        )

    [_POST] => Array
        (
        )

    [php://input] => 
)

==== 2025-05-04T19:40:22+00:00 ====
Array
(
    [_SESSION] => Array
        (
            [cart] => Array
                (
                )

        )

    [_POST] => Array
        (
        )

    [php://input] => 
)

==== 2025-05-04T19:40:27+00:00 ====
Array
(
    [_SESSION] => Array
        (
            [cart] => Array
                (
                )

        )

    [_POST] => Array
        (
        )

    [php://input] => 
)

==== 2025-05-04T19:40:32+00:00 ====
Array
(
    [_SESSION] => Array
        (
            [cart] => Array
                (
                )

        )

    [_POST] => Array
        (
        )

    [php://input] => 
)

==== 2025-05-04T19:40:37+00:00 ====
Array
(
    [_SESSION] => Array
        (
            [cart] => Array
                (
                )

        )

    [_POST] => Array
        (
        )

    [php://input] => 
)

==== 2025-05-04T19:40:42+00:00 ====
Array
(
    [_SESSION] => Array
        (
            [cart] => Array
                (
                )

        )

    [_POST] => Array
        (
        )

    [php://input] => 
)

==== 2025-05-04T19:40:47+00:00 ====
Array
(
    [_SESSION] => Array
        (
            [cart] => Array
                (
                )

        )

    [_POST] => Array
        (
        )

    [php://input] => 
)

==== 2025-05-04T19:40:52+00:00 ====
Array
(
    [_SESSION] => Array
        (
            [cart] => Array
                (
                )

        )

    [_POST] => Array
        (
        )

    [php://input] => 
)

==== 2025-05-04T19:40:57+00:00 ====
Array
(
    [_SESSION] => Array
        (
            [cart] => Array
                (
                )

        )

    [_POST] => Array
        (
        )

    [php://input] => 
)

==== 2025-05-04T19:41:10+00:00 ====
Array
(
    [_SESSION] => Array
        (
        )

    [_POST] => Array
        (
        )

    [php://input] => {"productId":1,"quantity":1}
)

==== 2025-05-04T19:41:15+00:00 ====
Array
(
    [_SESSION] => Array
        (
            [customer_id] => 1
            [captcha] => Aeik2
            [cart] => Array
                (
                )

        )

    [_POST] => Array
        (
        )

    [php://input] => 
)

==== 2025-05-04T19:41:15+00:00 ====
Array
(
    [_SESSION] => Array
        (
            [customer_id] => 1
            [captcha] => Aeik2
            [cart] => Array
                (
                )

        )

    [_POST] => Array
        (
        )

    [php://input] => 
)

==== 2025-05-04T19:41:15+00:00 ====
Array
(
    [_SESSION] => Array
        (
            [cart] => Array
                (
                )

        )

    [_POST] => Array
        (
        )

    [php://input] => 
)

==== 2025-05-04T19:42:15+00:00 ====
Array
(
    [_SESSION] => Array
        (
            [customer_id] => 1
            [captcha] => Aeik2
            [cart] => Array
                (
                )

        )

    [_POST] => Array
        (
        )

    [php://input] => 
)

==== 2025-05-04T19:42:15+00:00 ====
Array
(
    [_SESSION] => Array
        (
            [customer_id] => 1
            [captcha] => Aeik2
            [cart] => Array
                (
                )

        )

    [_POST] => Array
        (
        )

    [php://input] => 
)

==== 2025-05-04T19:42:15+00:00 ====
Array
(
    [_SESSION] => Array
        (
            [cart] => Array
                (
                )

        )

    [_POST] => Array
        (
        )

    [php://input] => 
)

==== 2025-05-04T19:42:55+00:00 ====
Array
(
    [_SESSION] => Array
        (
            [cart] => Array
                (
                )

        )

    [_POST] => Array
        (
        )

    [php://input] => 
)

==== 2025-05-04T19:42:56+00:00 ====
Array
(
    [_SESSION] => Array
        (
            [cart] => Array
                (
                )

        )

    [_POST] => Array
        (
        )

    [php://input] => 
)

==== 2025-05-04T19:42:58+00:00 ====
Array
(
    [_SESSION] => Array
        (
            [cart] => Array
                (
                )

        )

    [_POST] => Array
        (
        )

    [php://input] => 
)

==== 2025-05-04T19:42:58+00:00 ====
Array
(
    [_SESSION] => Array
        (
            [cart] => Array
                (
                )

        )

    [_POST] => Array
        (
        )

    [php://input] => 
)

==== 2025-05-04T19:42:58+00:00 ====
Array
(
    [_SESSION] => Array
        (
            [cart] => Array
                (
                )

        )

    [_POST] => Array
        (
        )

    [php://input] => 
)

==== 2025-05-04T19:42:58+00:00 ====
Array
(
    [_SESSION] => Array
        (
            [cart] => Array
                (
                )

        )

    [_POST] => Array
        (
        )

    [php://input] => 
)

==== 2025-05-04T19:42:58+00:00 ====
Array
(
    [_SESSION] => Array
        (
            [cart] => Array
                (
                )

        )

    [_POST] => Array
        (
        )

    [php://input] => 
)

==== 2025-05-04T19:42:58+00:00 ====
Array
(
    [_SESSION] => Array
        (
            [cart] => Array
                (
                )

        )

    [_POST] => Array
        (
        )

    [php://input] => 
)

==== 2025-05-04T19:42:58+00:00 ====
Array
(
    [_SESSION] => Array
        (
            [cart] => Array
                (
                )

        )

    [_POST] => Array
        (
        )

    [php://input] => 
)

==== 2025-05-04T19:42:58+00:00 ====
Array
(
    [_SESSION] => Array
        (
            [cart] => Array
                (
                )

        )

    [_POST] => Array
        (
        )

    [php://input] => 
)

==== 2025-05-04T19:42:59+00:00 ====
Array
(
    [_SESSION] => Array
        (
            [cart] => Array
                (
                )

        )

    [_POST] => Array
        (
        )

    [php://input] => 
)

==== 2025-05-04T19:42:59+00:00 ====
Array
(
    [_SESSION] => Array
        (
            [cart] => Array
                (
                )

        )

    [_POST] => Array
        (
        )

    [php://input] => 
)

==== 2025-05-04T19:42:59+00:00 ====
Array
(
    [_SESSION] => Array
        (
            [cart] => Array
                (
                )

        )

    [_POST] => Array
        (
        )

    [php://input] => 
)

==== 2025-05-04T19:42:59+00:00 ====
Array
(
    [_SESSION] => Array
        (
            [cart] => Array
                (
                )

        )

    [_POST] => Array
        (
        )

    [php://input] => 
)

==== 2025-05-04T19:42:59+00:00 ====
Array
(
    [_SESSION] => Array
        (
            [cart] => Array
                (
                )

        )

    [_POST] => Array
        (
        )

    [php://input] => 
)

==== 2025-05-04T19:42:59+00:00 ====
Array
(
    [_SESSION] => Array
        (
            [cart] => Array
                (
                )

        )

    [_POST] => Array
        (
        )

    [php://input] => 
)

==== 2025-05-04T19:43:04+00:00 ====
Array
(
    [_SESSION] => Array
        (
            [cart] => Array
                (
                )

        )

    [_POST] => Array
        (
        )

    [php://input] => 
)

==== 2025-05-04T19:43:09+00:00 ====
Array
(
    [_SESSION] => Array
        (
            [cart] => Array
                (
                )

            [captcha] => 24qu3
        )

    [_POST] => Array
        (
        )

    [php://input] => 
)

==== 2025-05-04T19:43:14+00:00 ====
Array
(
    [_SESSION] => Array
        (
            [cart] => Array
                (
                )

            [captcha] => 24qu3
        )

    [_POST] => Array
        (
        )

    [php://input] => 
)

==== 2025-05-04T19:43:15+00:00 ====
Array
(
    [_SESSION] => Array
        (
            [customer_id] => 1
            [captcha] => Aeik2
            [cart] => Array
                (
                )

        )

    [_POST] => Array
        (
        )

    [php://input] => 
)

==== 2025-05-04T19:43:15+00:00 ====
Array
(
    [_SESSION] => Array
        (
            [customer_id] => 1
            [captcha] => Aeik2
            [cart] => Array
                (
                )

        )

    [_POST] => Array
        (
        )

    [php://input] => 
)

==== 2025-05-04T19:43:18+00:00 ====
Array
(
    [_SESSION] => Array
        (
            [cart] => Array
                (
                )

            [captcha] => 24qu3
            [customer_id] => 1
        )

    [_POST] => Array
        (
        )

    [php://input] => 
)

==== 2025-05-04T19:43:18+00:00 ====
Array
(
    [_SESSION] => Array
        (
            [cart] => Array
                (
                )

            [captcha] => 24qu3
            [customer_id] => 1
        )

    [_POST] => Array
        (
        )

    [php://input] => 
)

==== 2025-05-04T19:43:19+00:00 ====
Array
(
    [_SESSION] => Array
        (
            [cart] => Array
                (
                )

            [captcha] => 24qu3
            [customer_id] => 1
        )

    [_POST] => Array
        (
        )

    [php://input] => 
)

==== 2025-05-04T19:43:21+00:00 ====
Array
(
    [_SESSION] => Array
        (
            [cart] => Array
                (
                )

            [captcha] => 24qu3
            [customer_id] => 1
        )

    [_POST] => Array
        (
        )

    [php://input] => 
)

==== 2025-05-04T19:43:21+00:00 ====
Array
(
    [_SESSION] => Array
        (
            [cart] => Array
                (
                )

            [captcha] => Aeik2
            [customer_id] => 1
        )

    [_POST] => Array
        (
        )

    [php://input] => 
)

==== 2025-05-04T19:43:27+00:00 ====
Array
(
    [_SESSION] => Array
        (
            [cart] => Array
                (
                )

            [captcha] => 24qu3
            [customer_id] => 1
        )

    [_POST] => Array
        (
        )

    [php://input] => 
)

==== 2025-05-04T19:43:32+00:00 ====
Array
(
    [_SESSION] => Array
        (
            [cart] => Array
                (
                )

            [captcha] => 24qu3
            [customer_id] => 1
        )

    [_POST] => Array
        (
        )

    [php://input] => 
)

==== 2025-05-04T19:43:37+00:00 ====
Array
(
    [_SESSION] => Array
        (
            [cart] => Array
                (
                )

            [captcha] => 24qu3
            [customer_id] => 1
        )

    [_POST] => Array
        (
        )

    [php://input] => 
)

==== 2025-05-04T19:43:41+00:00 ====
Array
(
    [_SESSION] => Array
        (
            [cart] => Array
                (
                )

            [captcha] => 24qu3
            [customer_id] => 1
        )

    [_POST] => Array
        (
        )

    [php://input] => 
)

==== 2025-05-04T19:43:46+00:00 ====
Array
(
    [_SESSION] => Array
        (
            [cart] => Array
                (
                )

            [captcha] => 24qu3
            [customer_id] => 1
        )

    [_POST] => Array
        (
        )

    [php://input] => 
)

==== 2025-05-04T19:43:51+00:00 ====
Array
(
    [_SESSION] => Array
        (
            [cart] => Array
                (
                )

            [captcha] => 24qu3
            [customer_id] => 1
        )

    [_POST] => Array
        (
        )

    [php://input] => 
)

==== 2025-05-04T19:43:57+00:00 ====
Array
(
    [_SESSION] => Array
        (
            [cart] => Array
                (
                )

            [captcha] => 24qu3
            [customer_id] => 1
        )

    [_POST] => Array
        (
        )

    [php://input] => 
)

==== 2025-05-04T19:44:02+00:00 ====
Array
(
    [_SESSION] => Array
        (
            [cart] => Array
                (
                )

            [captcha] => 24qu3
            [customer_id] => 1
        )

    [_POST] => Array
        (
        )

    [php://input] => 
)

==== 2025-05-04T19:44:07+00:00 ====
Array
(
    [_SESSION] => Array
        (
            [cart] => Array
                (
                )

            [captcha] => 24qu3
            [customer_id] => 1
        )

    [_POST] => Array
        (
        )

    [php://input] => 
)

==== 2025-05-04T19:44:12+00:00 ====
Array
(
    [_SESSION] => Array
        (
            [cart] => Array
                (
                )

            [captcha] => 24qu3
            [customer_id] => 1
        )

    [_POST] => Array
        (
        )

    [php://input] => 
)

==== 2025-05-04T19:44:15+00:00 ====
Array
(
    [_SESSION] => Array
        (
            [customer_id] => 1
            [captcha] => Aeik2
            [cart] => Array
                (
                )

        )

    [_POST] => Array
        (
        )

    [php://input] => 
)

==== 2025-05-04T19:44:15+00:00 ====
Array
(
    [_SESSION] => Array
        (
            [customer_id] => 1
            [captcha] => Aeik2
            [cart] => Array
                (
                )

        )

    [_POST] => Array
        (
        )

    [php://input] => 
)

==== 2025-05-04T19:44:17+00:00 ====
Array
(
    [_SESSION] => Array
        (
            [cart] => Array
                (
                )

            [captcha] => 24qu3
            [customer_id] => 1
        )

    [_POST] => Array
        (
        )

    [php://input] => 
)

==== 2025-05-04T19:44:22+00:00 ====
Array
(
    [_SESSION] => Array
        (
            [cart] => Array
                (
                )

            [captcha] => 24qu3
            [customer_id] => 1
        )

    [_POST] => Array
        (
        )

    [php://input] => 
)

==== 2025-05-04T19:44:27+00:00 ====
Array
(
    [_SESSION] => Array
        (
            [cart] => Array
                (
                )

            [captcha] => 24qu3
            [customer_id] => 1
        )

    [_POST] => Array
        (
        )

    [php://input] => 
)

==== 2025-05-04T19:44:32+00:00 ====
Array
(
    [_SESSION] => Array
        (
            [cart] => Array
                (
                )

            [captcha] => 24qu3
            [customer_id] => 1
        )

    [_POST] => Array
        (
        )

    [php://input] => 
)

==== 2025-05-04T19:44:37+00:00 ====
Array
(
    [_SESSION] => Array
        (
            [cart] => Array
                (
                )

            [captcha] => 24qu3
            [customer_id] => 1
        )

    [_POST] => Array
        (
        )

    [php://input] => 
)

==== 2025-05-04T19:44:42+00:00 ====
Array
(
    [_SESSION] => Array
        (
            [cart] => Array
                (
                )

            [captcha] => 24qu3
            [customer_id] => 1
        )

    [_POST] => Array
        (
        )

    [php://input] => 
)

==== 2025-05-04T19:44:47+00:00 ====
Array
(
    [_SESSION] => Array
        (
            [cart] => Array
                (
                )

            [captcha] => 24qu3
            [customer_id] => 1
        )

    [_POST] => Array
        (
        )

    [php://input] => 
)

==== 2025-05-04T19:44:52+00:00 ====
Array
(
    [_SESSION] => Array
        (
            [cart] => Array
                (
                )

            [captcha] => 24qu3
            [customer_id] => 1
        )

    [_POST] => Array
        (
        )

    [php://input] => 
)

==== 2025-05-04T19:45:15+00:00 ====
Array
(
    [_SESSION] => Array
        (
            [customer_id] => 1
            [captcha] => Aeik2
            [cart] => Array
                (
                )

        )

    [_POST] => Array
        (
        )

    [php://input] => 
)

==== 2025-05-04T19:45:15+00:00 ====
Array
(
    [_SESSION] => Array
        (
            [cart] => Array
                (
                )

            [captcha] => 24qu3
            [customer_id] => 1
        )

    [_POST] => Array
        (
        )

    [php://input] => 
)

==== 2025-05-04T19:45:15+00:00 ====
Array
(
    [_SESSION] => Array
        (
            [customer_id] => 1
            [captcha] => Aeik2
            [cart] => Array
                (
                )

        )

    [_POST] => Array
        (
        )

    [php://input] => 
)

==== 2025-05-04T19:46:09+00:00 ====
Array
(
    [_SESSION] => Array
        (
            [cart] => Array
                (
                )

            [captcha] => 24qu3
            [customer_id] => 1
        )

    [_POST] => Array
        (
        )

    [php://input] => 
)

==== 2025-05-04T19:46:09+00:00 ====
Array
(
    [_SESSION] => Array
        (
            [customer_id] => 1
            [captcha] => Aeik2
            [cart] => Array
                (
                )

        )

    [_POST] => Array
        (
        )

    [php://input] => 
)

==== 2025-05-04T19:46:09+00:00 ====
Array
(
    [_SESSION] => Array
        (
            [customer_id] => 1
            [captcha] => Aeik2
            [cart] => Array
                (
                )

        )

    [_POST] => Array
        (
        )

    [php://input] => 
)

==== 2025-05-04T19:46:09+00:00 ====
Array
(
    [_SESSION] => Array
        (
            [cart] => Array
                (
                )

            [captcha] => 24qu3
            [customer_id] => 1
        )

    [_POST] => Array
        (
        )

    [php://input] => 
)

==== 2025-05-04T19:46:09+00:00 ====
Array
(
    [_SESSION] => Array
        (
            [customer_id] => 1
            [captcha] => Aeik2
            [cart] => Array
                (
                )

        )

    [_POST] => Array
        (
        )

    [php://input] => 
)

==== 2025-05-04T19:46:09+00:00 ====
Array
(
    [_SESSION] => Array
        (
            [customer_id] => 1
            [captcha] => Aeik2
            [cart] => Array
                (
                )

        )

    [_POST] => Array
        (
        )

    [php://input] => 
)

==== 2025-05-04T19:46:09+00:00 ====
Array
(
    [_SESSION] => Array
        (
            [customer_id] => 1
            [captcha] => Aeik2
            [cart] => Array
                (
                )

        )

    [_POST] => Array
        (
        )

    [php://input] => 
)

==== 2025-05-04T19:46:09+00:00 ====
Array
(
    [_SESSION] => Array
        (
            [cart] => Array
                (
                )

            [captcha] => 24qu3
            [customer_id] => 1
        )

    [_POST] => Array
        (
        )

    [php://input] => 
)

==== 2025-05-04T19:46:09+00:00 ====
Array
(
    [_SESSION] => Array
        (
            [customer_id] => 1
            [captcha] => Aeik2
            [cart] => Array
                (
                )

        )

    [_POST] => Array
        (
        )

    [php://input] => 
)

==== 2025-05-04T19:46:09+00:00 ====
Array
(
    [_SESSION] => Array
        (
            [customer_id] => 1
            [captcha] => Aeik2
            [cart] => Array
                (
                )

        )

    [_POST] => Array
        (
        )

    [php://input] => 
)

==== 2025-05-04T19:46:09+00:00 ====
Array
(
    [_SESSION] => Array
        (
            [cart] => Array
                (
                )

            [captcha] => 24qu3
            [customer_id] => 1
        )

    [_POST] => Array
        (
        )

    [php://input] => 
)

==== 2025-05-04T19:46:09+00:00 ====
Array
(
    [_SESSION] => Array
        (
            [customer_id] => 1
            [captcha] => Aeik2
            [cart] => Array
                (
                )

        )

    [_POST] => Array
        (
        )

    [php://input] => 
)

==== 2025-05-04T19:46:15+00:00 ====
Array
(
    [_SESSION] => Array
        (
            [cart] => Array
                (
                )

            [captcha] => 24qu3
            [customer_id] => 1
        )

    [_POST] => Array
        (
        )

    [php://input] => 
)

==== 2025-05-04T19:46:15+00:00 ====
Array
(
    [_SESSION] => Array
        (
            [customer_id] => 1
            [captcha] => Aeik2
            [cart] => Array
                (
                )

        )

    [_POST] => Array
        (
        )

    [php://input] => 
)

==== 2025-05-04T19:46:15+00:00 ====
Array
(
    [_SESSION] => Array
        (
            [customer_id] => 1
            [captcha] => Aeik2
            [cart] => Array
                (
                )

        )

    [_POST] => Array
        (
        )

    [php://input] => 
)

==== 2025-05-04T19:46:20+00:00 ====
Array
(
    [_SESSION] => Array
        (
            [customer_id] => 1
            [captcha] => Aeik2
            [cart] => Array
                (
                )

        )

    [_POST] => Array
        (
        )

    [php://input] => 
)

==== 2025-05-04T19:46:20+00:00 ====
Array
(
    [_SESSION] => Array
        (
            [customer_id] => 1
            [captcha] => Aeik2
            [cart] => Array
                (
                )

        )

    [_POST] => Array
        (
        )

    [php://input] => 
)

==== 2025-05-04T19:46:20+00:00 ====
Array
(
    [_SESSION] => Array
        (
            [cart] => Array
                (
                )

            [captcha] => 24qu3
            [customer_id] => 1
        )

    [_POST] => Array
        (
        )

    [php://input] => 
)

==== 2025-05-04T19:46:25+00:00 ====
Array
(
    [_SESSION] => Array
        (
            [customer_id] => 1
            [captcha] => Aeik2
            [cart] => Array
                (
                )

        )

    [_POST] => Array
        (
        )

    [php://input] => 
)

==== 2025-05-04T19:46:25+00:00 ====
Array
(
    [_SESSION] => Array
        (
            [customer_id] => 1
            [captcha] => Aeik2
            [cart] => Array
                (
                )

        )

    [_POST] => Array
        (
        )

    [php://input] => 
)

==== 2025-05-04T19:46:25+00:00 ====
Array
(
    [_SESSION] => Array
        (
            [cart] => Array
                (
                )

            [captcha] => 24qu3
            [customer_id] => 1
        )

    [_POST] => Array
        (
        )

    [php://input] => 
)

==== 2025-05-04T19:46:26+00:00 ====
Array
(
    [_SESSION] => Array
        (
            [customer_id] => 1
            [captcha] => Aeik2
            [cart] => Array
                (
                )

        )

    [_POST] => Array
        (
        )

    [php://input] => 
)

==== 2025-05-04T19:46:26+00:00 ====
Array
(
    [_SESSION] => Array
        (
            [cart] => Array
                (
                )

            [captcha] => 24qu3
            [customer_id] => 1
        )

    [_POST] => Array
        (
        )

    [php://input] => 
)

==== 2025-05-04T19:46:26+00:00 ====
Array
(
    [_SESSION] => Array
        (
            [customer_id] => 1
            [captcha] => Aeik2
            [cart] => Array
                (
                )

        )

    [_POST] => Array
        (
        )

    [php://input] => 
)

==== 2025-05-04T19:46:26+00:00 ====
Array
(
    [_SESSION] => Array
        (
            [customer_id] => 1
            [captcha] => Aeik2
            [cart] => Array
                (
                )

        )

    [_POST] => Array
        (
        )

    [php://input] => 
)

==== 2025-05-04T19:46:26+00:00 ====
Array
(
    [_SESSION] => Array
        (
            [cart] => Array
                (
                )

            [captcha] => 24qu3
            [customer_id] => 1
        )

    [_POST] => Array
        (
        )

    [php://input] => 
)

==== 2025-05-04T19:46:26+00:00 ====
Array
(
    [_SESSION] => Array
        (
            [customer_id] => 1
            [captcha] => Aeik2
            [cart] => Array
                (
                )

        )

    [_POST] => Array
        (
        )

    [php://input] => 
)

==== 2025-05-04T19:47:08+00:00 ====
Array
(
    [_SESSION] => Array
        (
            [cart] => Array
                (
                )

            [captcha] => 24qu3
            [customer_id] => 1
        )

    [_POST] => Array
        (
        )

    [php://input] => 
)

==== 2025-05-04T19:47:08+00:00 ====
Array
(
    [_SESSION] => Array
        (
            [cart] => Array
                (
                )

            [captcha] => 24qu3
            [customer_id] => 1
        )

    [_POST] => Array
        (
        )

    [php://input] => 
)

==== 2025-05-04T19:47:08+00:00 ====
Array
(
    [_SESSION] => Array
        (
            [cart] => Array
                (
                )

            [captcha] => 24qu3
            [customer_id] => 1
        )

    [_POST] => Array
        (
        )

    [php://input] => 
)

==== 2025-05-04T19:47:08+00:00 ====
Array
(
    [_SESSION] => Array
        (
            [cart] => Array
                (
                )

            [captcha] => 24qu3
            [customer_id] => 1
        )

    [_POST] => Array
        (
        )

    [php://input] => 
)

==== 2025-05-04T19:47:09+00:00 ====
Array
(
    [_SESSION] => Array
        (
            [cart] => Array
                (
                )

            [captcha] => 24qu3
            [customer_id] => 1
        )

    [_POST] => Array
        (
        )

    [php://input] => 
)

==== 2025-05-04T19:47:09+00:00 ====
Array
(
    [_SESSION] => Array
        (
            [cart] => Array
                (
                )

            [captcha] => 24qu3
            [customer_id] => 1
        )

    [_POST] => Array
        (
        )

    [php://input] => 
)

==== 2025-05-04T19:47:09+00:00 ====
Array
(
    [_SESSION] => Array
        (
            [cart] => Array
                (
                )

            [captcha] => 24qu3
            [customer_id] => 1
        )

    [_POST] => Array
        (
        )

    [php://input] => 
)

==== 2025-05-04T19:47:09+00:00 ====
Array
(
    [_SESSION] => Array
        (
            [cart] => Array
                (
                )

            [captcha] => 24qu3
            [customer_id] => 1
        )

    [_POST] => Array
        (
        )

    [php://input] => 
)

==== 2025-05-04T19:47:10+00:00 ====
Array
(
    [_SESSION] => Array
        (
            [cart] => Array
                (
                )

            [captcha] => 24qu3
            [customer_id] => 1
        )

    [_POST] => Array
        (
        )

    [php://input] => {"productId":1,"quantity":1}
)

==== 2025-05-04T19:47:10+00:00 ====
Array
(
    [_SESSION] => Array
        (
            [cart] => Array
                (
                    [1] => 1
                )

            [captcha] => 24qu3
            [customer_id] => 1
        )

    [_POST] => Array
        (
        )

    [php://input] => 
)

==== 2025-05-04T19:47:46+00:00 ====
Array
(
    [_SESSION] => Array
        (
            [customer_id] => 1
            [captcha] => Aeik2
            [cart] => Array
                (
                )

        )

    [_POST] => Array
        (
        )

    [php://input] => 
)

==== 2025-05-04T19:47:46+00:00 ====
Array
(
    [_SESSION] => Array
        (
            [customer_id] => 1
            [captcha] => Aeik2
            [cart] => Array
                (
                )

        )

    [_POST] => Array
        (
        )

    [php://input] => 
)

==== 2025-05-04T19:47:46+00:00 ====
Array
(
    [_SESSION] => Array
        (
            [customer_id] => 1
            [captcha] => Aeik2
            [cart] => Array
                (
                )

        )

    [_POST] => Array
        (
        )

    [php://input] => 
)

==== 2025-05-04T19:47:46+00:00 ====
Array
(
    [_SESSION] => Array
        (
            [customer_id] => 1
            [captcha] => Aeik2
            [cart] => Array
                (
                )

        )

    [_POST] => Array
        (
        )

    [php://input] => 
)

==== 2025-05-04T19:47:46+00:00 ====
Array
(
    [_SESSION] => Array
        (
            [customer_id] => 1
            [captcha] => Aeik2
            [cart] => Array
                (
                )

        )

    [_POST] => Array
        (
        )

    [php://input] => 
)

==== 2025-05-04T19:47:46+00:00 ====
Array
(
    [_SESSION] => Array
        (
            [customer_id] => 1
            [captcha] => Aeik2
            [cart] => Array
                (
                )

        )

    [_POST] => Array
        (
        )

    [php://input] => 
)

==== 2025-05-04T19:47:46+00:00 ====
Array
(
    [_SESSION] => Array
        (
            [customer_id] => 1
            [captcha] => Aeik2
            [cart] => Array
                (
                )

        )

    [_POST] => Array
        (
        )

    [php://input] => 
)

==== 2025-05-04T19:47:46+00:00 ====
Array
(
    [_SESSION] => Array
        (
            [customer_id] => 1
            [captcha] => Aeik2
            [cart] => Array
                (
                )

        )

    [_POST] => Array
        (
        )

    [php://input] => 
)

==== 2025-05-04T19:47:46+00:00 ====
Array
(
    [_SESSION] => Array
        (
            [customer_id] => 1
            [captcha] => Aeik2
            [cart] => Array
                (
                )

        )

    [_POST] => Array
        (
        )

    [php://input] => 
)

==== 2025-05-04T19:47:46+00:00 ====
Array
(
    [_SESSION] => Array
        (
            [customer_id] => 1
            [captcha] => Aeik2
            [cart] => Array
                (
                )

        )

    [_POST] => Array
        (
        )

    [php://input] => 
)

==== 2025-05-04T19:47:46+00:00 ====
Array
(
    [_SESSION] => Array
        (
            [customer_id] => 1
            [captcha] => Aeik2
            [cart] => Array
                (
                )

        )

    [_POST] => Array
        (
        )

    [php://input] => 
)

==== 2025-05-04T19:47:46+00:00 ====
Array
(
    [_SESSION] => Array
        (
            [customer_id] => 1
            [captcha] => Aeik2
            [cart] => Array
                (
                )

        )

    [_POST] => Array
        (
        )

    [php://input] => 
)

==== 2025-05-04T19:47:47+00:00 ====
Array
(
    [_SESSION] => Array
        (
            [customer_id] => 1
            [captcha] => Aeik2
            [cart] => Array
                (
                )

        )

    [_POST] => Array
        (
        )

    [php://input] => {"productId":1,"quantity":1}
)

==== 2025-05-04T19:47:47+00:00 ====
Array
(
    [_SESSION] => Array
        (
            [customer_id] => 1
            [captcha] => Aeik2
            [cart] => Array
                (
                    [1] => 1
                )

        )

    [_POST] => Array
        (
        )

    [php://input] => 
)

==== 2025-05-04T19:47:59+00:00 ====
Array
(
    [_SESSION] => Array
        (
            [customer_id] => 1
            [captcha] => ecb4f
            [cart] => Array
                (
                    [1] => 1
                )

        )

    [_POST] => Array
        (
        )

    [php://input] => 
)

==== 2025-05-04T19:47:59+00:00 ====
Array
(
    [_SESSION] => Array
        (
            [customer_id] => 1
            [captcha] => ecb4f
            [cart] => Array
                (
                    [1] => 1
                )

        )

    [_POST] => Array
        (
        )

    [php://input] => 
)

==== 2025-05-04T19:48:01+00:00 ====
Array
(
    [_SESSION] => Array
        (
            [customer_id] => 1
            [captcha] => ecb4f
            [cart] => Array
                (
                    [1] => 1
                )

        )

    [_POST] => Array
        (
        )

    [php://input] => 
)

==== 2025-05-04T19:48:04+00:00 ====
Array
(
    [_SESSION] => Array
        (
            [customer_id] => 1
            [captcha] => ecb4f
            [cart] => Array
                (
                )

        )

    [_POST] => Array
        (
        )

    [php://input] => 
)

==== 2025-05-04T19:48:04+00:00 ====
Array
(
    [_SESSION] => Array
        (
            [customer_id] => 1
            [captcha] => ecb4f
            [cart] => Array
                (
                )

        )

    [_POST] => Array
        (
        )

    [php://input] => 
)
